<?xml version="1.0" encoding="UTF-8"?>
<testsuite xmlns:xsi="http://www.w3.org/2001/XMLSchema-instance" xsi:noNamespaceSchemaLocation="https://maven.apache.org/surefire/maven-surefire-plugin/xsd/surefire-test-report-3.0.xsd" version="3.0" name="TestSuite" time="87.739" tests="1" errors="0" skipped="0" failures="0">
  <properties>
[...]
</properties>
  <testcase name="testGmailLoginAndReadUnreadEmail" classname="com.gmail.tests.GmailLoginTest" time="83.705">
    <system-out><![CDATA[00:19:16.495 [main] INFO  com.gmail.tests.BaseTest - Setting up test environment...
00:19:16.499 [main] INFO  com.gmail.tests.BaseTest - Configuration loaded successfully
00:19:17.065 [main] INFO  i.g.bonigarcia.wdm.WebDriverManager - Using chromedriver 148.0.7778.178 (resolved driver for Chrome 148)
00:19:17.097 [main] INFO  i.g.bonigarcia.wdm.WebDriverManager - Exporting webdriver.chrome.driver as C:\Users\Joshua\.cache\selenium\chromedriver\win64\148.0.7778.178\chromedriver.exe
00:19:19.019 [main] INFO  com.gmail.tests.BaseTest - WebDriver initialized successfully
00:19:19.023 [main] INFO  com.gmail.tests.BaseTest - === Starting Gmail Login Test ===
00:19:19.024 [main] INFO  com.gmail.tests.BaseTest - Step 1: Navigating to Gmail...
00:19:23.123 [main] INFO  com.gmail.tests.BaseTest - Step 2: Entering email address...
00:19:23.541 [main] INFO  com.gmail.tests.BaseTest - Email entered: mikaelsebastianalvaro@gmail.com
00:19:26.948 [main] INFO  com.gmail.tests.BaseTest - Step 3: Entering password...
00:19:27.092 [main] INFO  com.gmail.tests.BaseTest - Password entered
00:19:32.239 [main] INFO  com.gmail.tests.BaseTest - Step 4: Checking for 2FA prompts...
00:19:34.590 [main] WARN  com.gmail.tests.BaseTest - 2FA verification detected!

============================================================
⚠️  TWO-FACTOR AUTHENTICATION REQUIRED
============================================================
Please complete the verification manually.
The test will wait for 60 seconds...
============================================================

00:20:39.610 [main] INFO  com.gmail.tests.BaseTest - Proceeding after 2FA wait period
00:20:39.610 [main] INFO  com.gmail.tests.BaseTest - Step 5: Waiting for inbox to load...
00:20:42.654 [main] INFO  com.gmail.tests.BaseTest - ✓ Successfully logged into Gmail
00:20:42.654 [main] INFO  com.gmail.tests.BaseTest - Step 6: Retrieving last unread email...
00:20:42.723 [main] INFO  com.gmail.tests.BaseTest - Found 3 unread email(s)
00:20:42.723 [main] INFO  com.gmail.tests.BaseTest - ===========================================
00:20:42.723 [main] INFO  com.gmail.tests.BaseTest - LAST UNREAD EMAIL TITLE: 2-Step Verification turned on
00:20:42.723 [main] INFO  com.gmail.tests.BaseTest - ===========================================

========================================
LAST UNREAD EMAIL SUBJECT:
2-Step Verification turned on
========================================

00:20:42.723 [main] INFO  com.gmail.tests.BaseTest - === Test Completed Successfully ===
]]></system-out>
    <system-err><![CDATA[May 23, 2026 12:19:18 AM org.openqa.selenium.devtools.CdpVersionFinder findNearestMatch
WARNING: Unable to find CDP implementation matching 148
May 23, 2026 12:19:18 AM org.openqa.selenium.chromium.ChromiumDriver lambda$new$5
WARNING: Unable to find version of CDP to use for 148.0.7778.179. You may need to include a dependency on a specific version of the CDP using something similar to `org.seleniumhq.selenium:selenium-devtools-v86:4.15.0` where the version ("v86") matches the version of the chromium-based browser you're using and the version number of the artifact is the same as Selenium's.
]]></system-err>
  </testcase>
</testsuite>